<?xml version="1.0" encoding="UTF-8"?>
<testsuite name="GroupRepositoryTest" tests="1" skipped="0" failures="0" errors="0" timestamp="2021-09-05T23:21:31" hostname="HAYK-ПК" time="0.056">
  <properties/>
  <testcase name="DeleteGroup" classname="GroupRepositoryTest" time="0.056"/>
  <system-out><![CDATA[]]></system-out>
  <system-err><![CDATA[]]></system-err>
</testsuite>
